[0.075s] Invoking command in '/home/lur/controller/build/robosub': CMAKE_PREFIX_PATH=${CMAKE_PREFIX_PATH}:/opt/ros/foxy /usr/bin/cmake --build /home/lur/controller/build/robosub -- -j4 -l4
[0.391s] -- Found ament_cmake: 0.9.9 (/opt/ros/foxy/share/ament_cmake/cmake)
[0.502s] -- Using PYTHON_EXECUTABLE: /usr/bin/python3
[1.366s] -- Found mavros: 2.1.1 (/opt/ros/foxy/share/mavros/cmake)
[1.395s] -- Found std_msgs: 2.0.5 (/opt/ros/foxy/share/std_msgs/cmake)
[1.528s] -- Using all available rosidl_typesupport_c: rosidl_typesupport_fastrtps_c;rosidl_typesupport_introspection_c
[1.561s] -- Found rosidl_adapter: 1.2.1 (/opt/ros/foxy/share/rosidl_adapter/cmake)
[2.139s] -- Using all available rosidl_typesupport_cpp: rosidl_typesupport_fastrtps_cpp;rosidl_typesupport_introspection_cpp
[2.380s] -- Found sensor_msgs: 2.0.5 (/opt/ros/foxy/share/sensor_msgs/cmake)
[2.813s] -- Found ament_lint_auto: 0.9.6 (/opt/ros/foxy/share/ament_lint_auto/cmake)
[3.109s] -- Added test 'copyright' to check source files copyright and LICENSE
[3.115s] -- Added test 'cppcheck' to perform static code analysis on C / C++ code
[3.116s] -- Configured cppcheck include dirs: $<BUILD_INTERFACE:/home/lur/controller/src/robosub/include>
[3.116s] -- Configured cppcheck exclude dirs and/or files: 
[3.120s] -- Added test 'cpplint' to check C / C++ code against the Google style
[3.120s] -- Configured cpplint exclude dirs and/or files: 
[3.124s] -- Added test 'lint_cmake' to check CMake code style
[3.130s] -- Added test 'uncrustify' to check C / C++ code style
[3.130s] -- Configured uncrustify additional arguments: 
[3.133s] -- Added test 'xmllint' to check XML markup files
[3.149s] -- Configuring done
[3.229s] -- Generating done
[3.237s] -- Build files have been written to: /home/lur/controller/build/robosub
[3.381s] [ 50%] [32mBuilding CXX object CMakeFiles/controller_node.dir/src/controller_node.cpp.o[0m
[3.811s] [01m[K/home/lur/controller/src/robosub/src/controller_node.cpp:2:10:[m[K [01;31m[Kfatal error: [m[Kros/ros.h: No such file or directory
[3.812s]     2 | #include [01;31m[K"ros/ros.h"[m[K
[3.812s]       |          [01;31m[K^~~~~~~~~~~[m[K
[3.813s] compilation terminated.
[3.817s] make[2]: *** [CMakeFiles/controller_node.dir/build.make:63: CMakeFiles/controller_node.dir/src/controller_node.cpp.o] Error 1
[3.818s] make[1]: *** [CMakeFiles/Makefile2:78: CMakeFiles/controller_node.dir/all] Error 2
[3.818s] make: *** [Makefile:141: all] Error 2
[3.830s] Invoked command in '/home/lur/controller/build/robosub' returned '2': CMAKE_PREFIX_PATH=${CMAKE_PREFIX_PATH}:/opt/ros/foxy /usr/bin/cmake --build /home/lur/controller/build/robosub -- -j4 -l4
