-- Found ament_cmake: 0.9.9 (/opt/ros/foxy/share/ament_cmake/cmake)
-- Using PYTHON_EXECUTABLE: /usr/bin/python3
-- Found ament_lint_auto: 0.9.6 (/opt/ros/foxy/share/ament_lint_auto/cmake)
-- Added test 'copyright' to check source files copyright and LICENSE
-- Added test 'cppcheck' to perform static code analysis on C / C++ code
-- Configured cppcheck include dirs: $<BUILD_INTERFACE:/home/lur/controller/publisher_subscriber/include>
-- Configured cppcheck exclude dirs and/or files: 
-- Added test 'cpplint' to check C / C++ code against the Google style
-- Configured cpplint exclude dirs and/or files: 
-- Added test 'lint_cmake' to check CMake code style
-- Added test 'uncrustify' to check C / C++ code style
-- Configured uncrustify additional arguments: 
-- Added test 'xmllint' to check XML markup files
-- Configuring done
-- Generating done
-- Build files have been written to: /home/lur/controller/build/publisher_subscriber
[35m[1mScanning dependencies of target imu_data[0m
[ 50%] Built target publisher
[ 75%] [32mBuilding CXX object CMakeFiles/imu_data.dir/src/imu_data.cpp.o[0m
[01m[K/home/lur/controller/publisher_subscriber/src/imu_data.cpp:1:10:[m[K [01;31m[Kfatal error: [m[Kros/ros.h: No such file or directory
    1 | #include [01;31m[K"ros/ros.h"[m[K
      |          [01;31m[K^~~~~~~~~~~[m[K
compilation terminated.
make[2]: *** [CMakeFiles/imu_data.dir/build.make:63: CMakeFiles/imu_data.dir/src/imu_data.cpp.o] Error 1
make[1]: *** [CMakeFiles/Makefile2:107: CMakeFiles/imu_data.dir/all] Error 2
make: *** [Makefile:141: all] Error 2
