[0.065s] Invoking command in '/home/lur/controller/build/robosub': CMAKE_PREFIX_PATH=/opt/ros/foxy /usr/bin/cmake --build /home/lur/controller/build/robosub -- -j4 -l4
[0.161s] -- Found ament_cmake: 0.9.9 (/opt/ros/foxy/share/ament_cmake/cmake)
[0.244s] -- Using PYTHON_EXECUTABLE: /usr/bin/python3
[0.935s] -- Found mavros: 2.1.1 (/opt/ros/foxy/share/mavros/cmake)
[0.958s] -- Found ament_lint_auto: 0.9.6 (/opt/ros/foxy/share/ament_lint_auto/cmake)
[1.196s] -- Added test 'copyright' to check source files copyright and LICENSE
[1.200s] -- Added test 'cppcheck' to perform static code analysis on C / C++ code
[1.201s] -- Configured cppcheck include dirs: $<BUILD_INTERFACE:/home/lur/controller/src/robosub/include>
[1.201s] -- Configured cppcheck exclude dirs and/or files: 
[1.205s] -- Added test 'cpplint' to check C / C++ code against the Google style
[1.205s] -- Configured cpplint exclude dirs and/or files: 
[1.207s] -- Added test 'lint_cmake' to check CMake code style
[1.211s] -- Added test 'uncrustify' to check C / C++ code style
[1.211s] -- Configured uncrustify additional arguments: 
[1.213s] -- Added test 'xmllint' to check XML markup files
[1.219s] -- Configuring done
[1.239s] -- Generating done
[1.244s] -- Build files have been written to: /home/lur/controller/build/robosub
[1.326s] [35m[1mScanning dependencies of target controller_node[0m
[1.368s] [ 50%] [32mBuilding CXX object CMakeFiles/controller_node.dir/src/controller_node.cpp.o[0m
[1.427s] [01m[K/home/lur/controller/src/robosub/src/controller_node.cpp:2:10:[m[K [01;31m[Kfatal error: [m[Kros/ros.h: No such file or directory
[1.428s]     2 | #include [01;31m[K"ros/ros.h"[m[K
[1.428s]       |          [01;31m[K^~~~~~~~~~~[m[K
[1.429s] compilation terminated.
[1.437s] make[2]: *** [CMakeFiles/controller_node.dir/build.make:63: CMakeFiles/controller_node.dir/src/controller_node.cpp.o] Error 1
[1.438s] make[1]: *** [CMakeFiles/Makefile2:78: CMakeFiles/controller_node.dir/all] Error 2
[1.439s] make: *** [Makefile:141: all] Error 2
[1.447s] Invoked command in '/home/lur/controller/build/robosub' returned '2': CMAKE_PREFIX_PATH=/opt/ros/foxy /usr/bin/cmake --build /home/lur/controller/build/robosub -- -j4 -l4
