[0.072s] Invoking command in '/home/lur/controller/build/robosub': CMAKE_PREFIX_PATH=${CMAKE_PREFIX_PATH}:/opt/ros/foxy /usr/bin/cmake --build /home/lur/controller/build/robosub -- -j4 -l4
[0.171s] -- Found ament_cmake: 0.9.9 (/opt/ros/foxy/share/ament_cmake/cmake)
[0.255s] -- Using PYTHON_EXECUTABLE: /usr/bin/python3
[0.918s] -- Found mavros: 2.1.1 (/opt/ros/foxy/share/mavros/cmake)
[0.934s] -- Found sensor_msgs: 2.0.5 (/opt/ros/foxy/share/sensor_msgs/cmake)
[1.007s] -- Using all available rosidl_typesupport_c: rosidl_typesupport_fastrtps_c;rosidl_typesupport_introspection_c
[1.020s] -- Found rosidl_adapter: 1.2.1 (/opt/ros/foxy/share/rosidl_adapter/cmake)
[1.441s] -- Using all available rosidl_typesupport_cpp: rosidl_typesupport_fastrtps_cpp;rosidl_typesupport_introspection_cpp
[1.997s] -- Found ament_lint_auto: 0.9.6 (/opt/ros/foxy/share/ament_lint_auto/cmake)
[2.231s] -- Added test 'copyright' to check source files copyright and LICENSE
[2.234s] -- Added test 'cppcheck' to perform static code analysis on C / C++ code
[2.235s] -- Configured cppcheck include dirs: $<BUILD_INTERFACE:/home/lur/controller/src/robosub/include>
[2.235s] -- Configured cppcheck exclude dirs and/or files: 
[2.238s] -- Added test 'cpplint' to check C / C++ code against the Google style
[2.238s] -- Configured cpplint exclude dirs and/or files: 
[2.241s] -- Added test 'lint_cmake' to check CMake code style
[2.244s] -- Added test 'uncrustify' to check C / C++ code style
[2.244s] -- Configured uncrustify additional arguments: 
[2.245s] -- Added test 'xmllint' to check XML markup files
[2.255s] -- Configuring done
[2.288s] -- Generating done
[2.295s] -- Build files have been written to: /home/lur/controller/build/robosub
[2.393s] [35m[1mScanning dependencies of target controller_node[0m
[2.432s] [ 50%] [32mBuilding CXX object CMakeFiles/controller_node.dir/src/controller_node.cpp.o[0m
[2.490s] [01m[K/home/lur/controller/src/robosub/src/controller_node.cpp:2:10:[m[K [01;31m[Kfatal error: [m[Kros/ros.h: No such file or directory
[2.491s]     2 | #include [01;31m[K"ros/ros.h"[m[K
[2.491s]       |          [01;31m[K^~~~~~~~~~~[m[K
[2.491s] compilation terminated.
[2.499s] make[2]: *** [CMakeFiles/controller_node.dir/build.make:63: CMakeFiles/controller_node.dir/src/controller_node.cpp.o] Error 1
[2.500s] make[1]: *** [CMakeFiles/Makefile2:78: CMakeFiles/controller_node.dir/all] Error 2
[2.501s] make: *** [Makefile:141: all] Error 2
[2.510s] Invoked command in '/home/lur/controller/build/robosub' returned '2': CMAKE_PREFIX_PATH=${CMAKE_PREFIX_PATH}:/opt/ros/foxy /usr/bin/cmake --build /home/lur/controller/build/robosub -- -j4 -l4
