[01m[K/home/lur/controller/src/manual_pubsub/src/publisher_member_function.cpp:[m[K In constructor â€˜[01m[KMinimalPublisher::MinimalPublisher()[m[Kâ€™:
[01m[K/home/lur/controller/src/manual_pubsub/src/publisher_member_function.cpp:67:44:[m[K [01;31m[Kerror: [m[Kno matching function for call to â€˜[01m[KMinimalPublisher::create_publisher(manualMsg&)[m[Kâ€™
   67 |     publisher_ = this->create_publisher(msg[01;31m[K)[m[K;
      |                                            [01;31m[K^[m[K
In file included from [01m[K/opt/ros/foxy/include/rclcpp/executors/single_threaded_executor.hpp:28[m[K,
                 from [01m[K/opt/ros/foxy/include/rclcpp/executors.hpp:22[m[K,
                 from [01m[K/opt/ros/foxy/include/rclcpp/rclcpp.hpp:146[m[K,
                 from [01m[K/home/lur/controller/src/manual_pubsub/src/publisher_member_function.cpp:18[m[K:
[01m[K/opt/ros/foxy/include/rclcpp/node.hpp:184:3:[m[K [01;36m[Knote: [m[Kcandidate: â€˜[01m[Ktemplate<class MessageT, class AllocatorT, class PublisherT> std::shared_ptr<PublisherT> rclcpp::Node::create_publisher(const string&, const rclcpp::QoS&, const rclcpp::PublisherOptionsWithAllocator<AllocatorT>&)[m[Kâ€™
  184 |   [01;36m[Kcreate_publisher[m[K(
      |   [01;36m[K^~~~~~~~~~~~~~~~[m[K
[01m[K/opt/ros/foxy/include/rclcpp/node.hpp:184:3:[m[K [01;36m[Knote: [m[K  template argument deduction/substitution failed:
[01m[K/home/lur/controller/src/manual_pubsub/src/publisher_member_function.cpp:67:44:[m[K [01;36m[Knote: [m[K  candidate expects 3 arguments, 1 provided
   67 |     publisher_ = this->create_publisher(msg[01;36m[K)[m[K;
      |                                            [01;36m[K^[m[K
[01m[K/home/lur/controller/src/manual_pubsub/src/publisher_member_function.cpp:[m[K In member function â€˜[01m[Kvoid MinimalPublisher::timer_callback()[m[Kâ€™:
[01m[K/home/lur/controller/src/manual_pubsub/src/publisher_member_function.cpp:81:86:[m[K [01;31m[Kerror: [m[Kâ€˜[01m[Kclass MinimalPublisher[m[Kâ€™ has no member named â€˜[01m[Kmsg[m[Kâ€™
   81 |     message.data = "Message " + std::to_string(count_++) + " (x,y,z,r,b): (" + this->[01;31m[Kmsg[m[K.x + "," + this->msg.y + "," + this->msg.z + "," + this->r + "," + this->buttons + ")";
      |                                                                                      [01;31m[K^~~[m[K
[01m[K/home/lur/controller/src/manual_pubsub/src/publisher_member_function.cpp:81:106:[m[K [01;31m[Kerror: [m[Kâ€˜[01m[Kclass MinimalPublisher[m[Kâ€™ has no member named â€˜[01m[Kmsg[m[Kâ€™
   81 |     message.data = "Message " + std::to_string(count_++) + " (x,y,z,r,b): (" + this->msg.x + "," + this->[01;31m[Kmsg[m[K.y + "," + this->msg.z + "," + this->r + "," + this->buttons + ")";
      |                                                                                                          [01;31m[K^~~[m[K
[01m[K/home/lur/controller/src/manual_pubsub/src/publisher_member_function.cpp:81:126:[m[K [01;31m[Kerror: [m[Kâ€˜[01m[Kclass MinimalPublisher[m[Kâ€™ has no member named â€˜[01m[Kmsg[m[Kâ€™
   81 |     message.data = "Message " + std::to_string(count_++) + " (x,y,z,r,b): (" + this->msg.x + "," + this->msg.y + "," + this->[01;31m[Kmsg[m[K.z + "," + this->r + "," + this->buttons + ")";
      |                                                                                                                              [01;31m[K^~~[m[K
[01m[K/home/lur/controller/src/manual_pubsub/src/publisher_member_function.cpp:81:146:[m[K [01;31m[Kerror: [m[Kâ€˜[01m[Kclass MinimalPublisher[m[Kâ€™ has no member named â€˜[01m[Kr[m[Kâ€™
   81 |     message.data = "Message " + std::to_string(count_++) + " (x,y,z,r,b): (" + this->msg.x + "," + this->msg.y + "," + this->msg.z + "," + this->[01;31m[Kr[m[K + "," + this->buttons + ")";
      |                                                                                                                                                  [01;31m[K^[m[K
[01m[K/home/lur/controller/src/manual_pubsub/src/publisher_member_function.cpp:81:162:[m[K [01;31m[Kerror: [m[Kâ€˜[01m[Kclass MinimalPublisher[m[Kâ€™ has no member named â€˜[01m[Kbuttons[m[Kâ€™
   81 |     message.data = "Message " + std::to_string(count_++) + " (x,y,z,r,b): (" + this->msg.x + "," + this->msg.y + "," + this->msg.z + "," + this->r + "," + this->[01;31m[Kbuttons[m[K + ")";
      |                                                                                                                                                                  [01;31m[K^~~~~~~[m[K
make[2]: *** [CMakeFiles/talker.dir/build.make:63: CMakeFiles/talker.dir/src/publisher_member_function.cpp.o] Error 1
make[1]: *** [CMakeFiles/Makefile2:107: CMakeFiles/talker.dir/all] Error 2
make: *** [Makefile:141: all] Error 2
