[0.063s] Invoking command in '/home/lur/controller/build/manual_pubsub': CMAKE_PREFIX_PATH=${CMAKE_PREFIX_PATH}:/opt/ros/foxy /usr/bin/cmake --build /home/lur/controller/build/manual_pubsub -- -j4 -l4
[0.220s] [35m[1mScanning dependencies of target talker[0m
[0.294s] [ 50%] Built target listener
[0.330s] [ 75%] [32mBuilding CXX object CMakeFiles/talker.dir/src/publisher_member_function.cpp.o[0m
[4.457s] [01m[K/home/lur/controller/src/manual_pubsub/src/publisher_member_function.cpp:43:27:[m[K [01;31m[Kerror: [m[Kâ€˜[01m[Kmanual_control[m[Kâ€™ in namespace â€˜[01m[Kmavros_msgs::msg[m[Kâ€™ does not name a type; did you mean â€˜[01m[KManualControl[m[Kâ€™?
[4.457s]    43 | typedef mavros_msgs::msg::[01;31m[Kmanual_control[m[K manualMsg;
[4.458s]       |                           [01;31m[K^~~~~~~~~~~~~~[m[K
[4.458s]       |                           [32m[KManualControl[m[K
[4.488s] [01m[K/home/lur/controller/src/manual_pubsub/src/publisher_member_function.cpp:[m[K In constructor â€˜[01m[KMinimalPublisher::MinimalPublisher()[m[Kâ€™:
[4.488s] [01m[K/home/lur/controller/src/manual_pubsub/src/publisher_member_function.cpp:52:5:[m[K [01;31m[Kerror: [m[Kâ€˜[01m[KmanualMsg[m[Kâ€™ was not declared in this scope
[4.488s]    52 |     [01;31m[KmanualMsg[m[K msg;
[4.489s]       |     [01;31m[K^~~~~~~~~[m[K
[7.213s] make[2]: *** [CMakeFiles/talker.dir/build.make:63: CMakeFiles/talker.dir/src/publisher_member_function.cpp.o] Error 1
[7.214s] make[1]: *** [CMakeFiles/Makefile2:107: CMakeFiles/talker.dir/all] Error 2
[7.215s] make: *** [Makefile:141: all] Error 2
[7.224s] Invoked command in '/home/lur/controller/build/manual_pubsub' returned '2': CMAKE_PREFIX_PATH=${CMAKE_PREFIX_PATH}:/opt/ros/foxy /usr/bin/cmake --build /home/lur/controller/build/manual_pubsub -- -j4 -l4
