[0.069s] Invoking command in '/home/lur/controller/build/robosub': CMAKE_PREFIX_PATH=${CMAKE_PREFIX_PATH}:/opt/ros/foxy /usr/bin/cmake --build /home/lur/controller/build/robosub -- -j4 -l4
[0.219s] [35m[1mScanning dependencies of target controller_node[0m
[0.278s] [ 50%] [32mBuilding CXX object CMakeFiles/controller_node.dir/src/controller_node.cpp.o[0m
[0.457s] [01m[K/home/lur/controller/src/robosub/src/controller_node.cpp:4:28:[m[K [01;31m[Kerror: [m[Kâ€˜[01m[Ksensor_msgs[m[Kâ€™ does not name a type
[0.457s]     4 | void chatterCallback(const [01;31m[Ksensor_msgs[m[K::Imu::ConstPtr& msg){
[0.458s]       |                            [01;31m[K^~~~~~~~~~~[m[K
[0.458s] [01m[K/home/lur/controller/src/robosub/src/controller_node.cpp:4:44:[m[K [01;31m[Kerror: [m[Kexpected unqualified-id before â€˜[01m[K::[m[Kâ€™ token
[0.458s]     4 | void chatterCallback(const sensor_msgs::Imu[01;31m[K::[m[KConstPtr& msg){
[0.459s]       |                                            [01;31m[K^~[m[K
[0.459s] [01m[K/home/lur/controller/src/robosub/src/controller_node.cpp:4:44:[m[K [01;31m[Kerror: [m[Kexpected â€˜[01m[K)[m[Kâ€™ before â€˜[01m[K::[m[Kâ€™ token
[0.459s]     4 | void chatterCallback[34m[K([m[Kconst sensor_msgs::Imu[01;31m[K:[m[K[32m[K:[m[KConstPtr& msg){
[0.460s]       |                     [34m[K~[m[K                      [01;31m[K^[m[K[32m[K~[m[K
[0.460s]       |                                            [32m[K)[m[K
[0.460s] [01m[K/home/lur/controller/src/robosub/src/controller_node.cpp:4:44:[m[K [01;31m[Kerror: [m[Kexpected initializer before â€˜[01m[K::[m[Kâ€™ token
[0.461s]     4 | void chatterCallback(const sensor_msgs::Imu[01;31m[K::[m[KConstPtr& msg){
[0.461s]       |                                            [01;31m[K^~[m[K
[0.461s] [01m[K/home/lur/controller/src/robosub/src/controller_node.cpp:[m[K In function â€˜[01m[Kint main(int, char**)[m[Kâ€™:
[0.462s] [01m[K/home/lur/controller/src/robosub/src/controller_node.cpp:11:5:[m[K [01;31m[Kerror: [m[Kâ€˜[01m[Kros[m[Kâ€™ has not been declared
[0.462s]    11 |     [01;31m[Kros[m[K::init(argc, argv, "controller_node");
[0.462s]       |     [01;31m[K^~~[m[K
[0.462s] [01m[K/home/lur/controller/src/robosub/src/controller_node.cpp:12:5:[m[K [01;31m[Kerror: [m[Kâ€˜[01m[Kros[m[Kâ€™ has not been declared
[0.463s]    12 |     [01;31m[Kros[m[K::NodeHandle n;
[0.463s]       |     [01;31m[K^~~[m[K
[0.465s] [01m[K/home/lur/controller/src/robosub/src/controller_node.cpp:13:5:[m[K [01;31m[Kerror: [m[Kâ€˜[01m[Kros[m[Kâ€™ has not been declared
[0.465s]    13 |     [01;31m[Kros[m[K::Subscriber sub = n.subscribe("/mavros/imu/data", 1000, chatterCallback);
[0.466s]       |     [01;31m[K^~~[m[K
[0.467s] [01m[K/home/lur/controller/src/robosub/src/controller_node.cpp:14:5:[m[K [01;31m[Kerror: [m[Kâ€˜[01m[Kros[m[Kâ€™ has not been declared
[0.467s]    14 |     [01;31m[Kros[m[K::spin();
[0.468s]       |     [01;31m[K^~~[m[K
[0.468s] [01m[K/home/lur/controller/src/robosub/src/controller_node.cpp:[m[K At global scope:
[0.469s] [01m[K/home/lur/controller/src/robosub/src/controller_node.cpp:18:5:[m[K [01;31m[Kerror: [m[Kredefinition of â€˜[01m[Kint main(int, char**)[m[Kâ€™
[0.469s]    18 | int [01;31m[Kmain[m[K(int argc, char ** argv)
[0.469s]       |     [01;31m[K^~~~[m[K
[0.470s] [01m[K/home/lur/controller/src/robosub/src/controller_node.cpp:10:5:[m[K [01;36m[Knote: [m[Kâ€˜[01m[Kint main(int, char**)[m[Kâ€™ previously defined here
[0.470s]    10 | int [01;36m[Kmain[m[K(int argc, char **argv){
[0.470s]       |     [01;36m[K^~~~[m[K
[0.471s] make[2]: *** [CMakeFiles/controller_node.dir/build.make:63: CMakeFiles/controller_node.dir/src/controller_node.cpp.o] Error 1
[0.472s] make[1]: *** [CMakeFiles/Makefile2:78: CMakeFiles/controller_node.dir/all] Error 2
[0.474s] make: *** [Makefile:141: all] Error 2
[0.476s] Invoked command in '/home/lur/controller/build/robosub' returned '2': CMAKE_PREFIX_PATH=${CMAKE_PREFIX_PATH}:/opt/ros/foxy /usr/bin/cmake --build /home/lur/controller/build/robosub -- -j4 -l4
