[01m[K/home/lur/controller/src/manual_pubsub/src/publisher_member_function.cpp:43:9:[m[K [01;31m[Kerror: [m[Kâ€˜[01m[KmanualMsg[m[Kâ€™ does not name a type
   43 | typedef [01;31m[KmanualMsg[m[K mavros_msgs::msg::manual_control;
      |         [01;31m[K^~~~~~~~~[m[K
[01m[K/home/lur/controller/src/manual_pubsub/src/publisher_member_function.cpp:[m[K In constructor â€˜[01m[KMinimalPublisher::MinimalPublisher()[m[Kâ€™:
[01m[K/home/lur/controller/src/manual_pubsub/src/publisher_member_function.cpp:52:5:[m[K [01;31m[Kerror: [m[Kâ€˜[01m[KmanualMsg[m[Kâ€™ was not declared in this scope
   52 |     [01;31m[KmanualMsg[m[K msg;
      |     [01;31m[K^~~~~~~~~[m[K
make[2]: *** [CMakeFiles/talker.dir/build.make:63: CMakeFiles/talker.dir/src/publisher_member_function.cpp.o] Error 1
make[1]: *** [CMakeFiles/Makefile2:107: CMakeFiles/talker.dir/all] Error 2
make: *** [Makefile:141: all] Error 2
