[0.079s] Invoking command in '/home/lur/controller/build/robosub': CMAKE_PREFIX_PATH=${CMAKE_PREFIX_PATH}:/opt/ros/foxy /usr/bin/cmake --build /home/lur/controller/build/robosub -- -j4 -l4
[0.239s] [35m[1mScanning dependencies of target controller_node[0m
[0.356s] [ 50%] [32mBuilding CXX object CMakeFiles/controller_node.dir/src/controller_node.cpp.o[0m
[5.090s] [01m[K/home/lur/controller/src/robosub/src/controller_node.cpp:[m[K In constructor â€˜[01m[KMinimalSubscriberWithTopicStatistics::MinimalSubscriberWithTopicStatistics()[m[Kâ€™:
[5.091s] [01m[K/home/lur/controller/src/robosub/src/controller_node.cpp:30:38:[m[K [01;31m[Kerror: [m[Kâ€˜[01m[Koptions[m[Kâ€™ was not declared in this scope
[5.091s]    30 |       "/mavros/state", 10, callback, [01;31m[Koptions[m[K);
[5.091s]       |                                      [01;31m[K^~~~~~~[m[K
[6.502s] make[2]: *** [CMakeFiles/controller_node.dir/build.make:63: CMakeFiles/controller_node.dir/src/controller_node.cpp.o] Error 1
[6.503s] make[1]: *** [CMakeFiles/Makefile2:78: CMakeFiles/controller_node.dir/all] Error 2
[6.503s] make: *** [Makefile:141: all] Error 2
[6.512s] Invoked command in '/home/lur/controller/build/robosub' returned '2': CMAKE_PREFIX_PATH=${CMAKE_PREFIX_PATH}:/opt/ros/foxy /usr/bin/cmake --build /home/lur/controller/build/robosub -- -j4 -l4
