[0.062s] Invoking command in '/home/lur/controller/build/manual_pubsub': CMAKE_PREFIX_PATH=${CMAKE_PREFIX_PATH}:/opt/ros/foxy /usr/bin/cmake --build /home/lur/controller/build/manual_pubsub -- -j4 -l4
[0.220s] [35m[1mScanning dependencies of target talker[0m
[0.289s] [ 50%] Built target listener
[0.327s] [ 75%] [32mBuilding CXX object CMakeFiles/talker.dir/src/publisher_member_function.cpp.o[0m
[4.477s] [01m[K/home/lur/controller/src/manual_pubsub/src/publisher_member_function.cpp:[m[K In constructor â€˜[01m[KMinimalPublisher::MinimalPublisher()[m[Kâ€™:
[4.478s] [01m[K/home/lur/controller/src/manual_pubsub/src/publisher_member_function.cpp:68:41:[m[K [01;31m[Kerror: [m[Kâ€˜[01m[KMsgT[m[Kâ€™ was not declared in this scope
[4.478s]    68 |     publisher_ = this->create_publisher<[01;31m[KMsgT[m[K>("/mavros/manual_control/control", 10);
[4.479s]       |                                         [01;31m[K^~~~[m[K
[4.479s] [01m[K/home/lur/controller/src/manual_pubsub/src/publisher_member_function.cpp:68:83:[m[K [01;31m[Kerror: [m[Kno matching function for call to â€˜[01m[KMinimalPublisher::create_publisher<<expression error> >(const char [31], int)[m[Kâ€™
[4.479s]    68 |     publisher_ = this->create_publisher<MsgT>("/mavros/manual_control/control", 10[01;31m[K)[m[K;
[4.480s]       |                                                                                   [01;31m[K^[m[K
[4.480s] In file included from [01m[K/opt/ros/foxy/include/rclcpp/executors/single_threaded_executor.hpp:28[m[K,
[4.480s]                  from [01m[K/opt/ros/foxy/include/rclcpp/executors.hpp:22[m[K,
[4.481s]                  from [01m[K/opt/ros/foxy/include/rclcpp/rclcpp.hpp:146[m[K,
[4.481s]                  from [01m[K/home/lur/controller/src/manual_pubsub/src/publisher_member_function.cpp:18[m[K:
[4.481s] [01m[K/opt/ros/foxy/include/rclcpp/node.hpp:184:3:[m[K [01;36m[Knote: [m[Kcandidate: â€˜[01m[Ktemplate<class MessageT, class AllocatorT, class PublisherT> std::shared_ptr<PublisherT> rclcpp::Node::create_publisher(const string&, const rclcpp::QoS&, const rclcpp::PublisherOptionsWithAllocator<AllocatorT>&)[m[Kâ€™
[4.481s]   184 |   [01;36m[Kcreate_publisher[m[K(
[4.482s]       |   [01;36m[K^~~~~~~~~~~~~~~~[m[K
[4.482s] [01m[K/opt/ros/foxy/include/rclcpp/node.hpp:184:3:[m[K [01;36m[Knote: [m[K  template argument deduction/substitution failed:
[4.482s] [01m[K/home/lur/controller/src/manual_pubsub/src/publisher_member_function.cpp:68:83:[m[K [01;31m[Kerror: [m[Ktemplate argument 1 is invalid
[4.483s]    68 |     publisher_ = this->create_publisher<MsgT>("/mavros/manual_control/control", 10[01;31m[K)[m[K;
[4.483s]       |                                                                                   [01;31m[K^[m[K
[6.666s] make[2]: *** [CMakeFiles/talker.dir/build.make:63: CMakeFiles/talker.dir/src/publisher_member_function.cpp.o] Error 1
[6.667s] make[1]: *** [CMakeFiles/Makefile2:107: CMakeFiles/talker.dir/all] Error 2
[6.668s] make: *** [Makefile:141: all] Error 2
[6.677s] Invoked command in '/home/lur/controller/build/manual_pubsub' returned '2': CMAKE_PREFIX_PATH=${CMAKE_PREFIX_PATH}:/opt/ros/foxy /usr/bin/cmake --build /home/lur/controller/build/manual_pubsub -- -j4 -l4
