[0.062s] Invoking command in '/home/lur/controller/build/manual_pubsub': CMAKE_PREFIX_PATH=${CMAKE_PREFIX_PATH}:/opt/ros/foxy /usr/bin/cmake --build /home/lur/controller/build/manual_pubsub -- -j4 -l4
[0.223s] [35m[1mScanning dependencies of target talker[0m
[0.295s] [ 50%] Built target listener
[0.335s] [ 75%] [32mBuilding CXX object CMakeFiles/talker.dir/src/publisher_member_function.cpp.o[0m
[4.496s] [01m[K/home/lur/controller/src/manual_pubsub/src/publisher_member_function.cpp:[m[K In constructor â€˜[01m[KMinimalPublisher::MinimalPublisher()[m[Kâ€™:
[4.497s] [01m[K/home/lur/controller/src/manual_pubsub/src/publisher_member_function.cpp:67:44:[m[K [01;31m[Kerror: [m[Kno matching function for call to â€˜[01m[KMinimalPublisher::create_publisher(manualMsg&)[m[Kâ€™
[4.497s]    67 |     publisher_ = this->create_publisher(msg[01;31m[K)[m[K;
[4.498s]       |                                            [01;31m[K^[m[K
[4.498s] In file included from [01m[K/opt/ros/foxy/include/rclcpp/executors/single_threaded_executor.hpp:28[m[K,
[4.498s]                  from [01m[K/opt/ros/foxy/include/rclcpp/executors.hpp:22[m[K,
[4.499s]                  from [01m[K/opt/ros/foxy/include/rclcpp/rclcpp.hpp:146[m[K,
[4.499s]                  from [01m[K/home/lur/controller/src/manual_pubsub/src/publisher_member_function.cpp:18[m[K:
[4.499s] [01m[K/opt/ros/foxy/include/rclcpp/node.hpp:184:3:[m[K [01;36m[Knote: [m[Kcandidate: â€˜[01m[Ktemplate<class MessageT, class AllocatorT, class PublisherT> std::shared_ptr<PublisherT> rclcpp::Node::create_publisher(const string&, const rclcpp::QoS&, const rclcpp::PublisherOptionsWithAllocator<AllocatorT>&)[m[Kâ€™
[4.500s]   184 |   [01;36m[Kcreate_publisher[m[K(
[4.500s]       |   [01;36m[K^~~~~~~~~~~~~~~~[m[K
[4.500s] [01m[K/opt/ros/foxy/include/rclcpp/node.hpp:184:3:[m[K [01;36m[Knote: [m[K  template argument deduction/substitution failed:
[4.500s] [01m[K/home/lur/controller/src/manual_pubsub/src/publisher_member_function.cpp:67:44:[m[K [01;36m[Knote: [m[K  candidate expects 3 arguments, 1 provided
[4.501s]    67 |     publisher_ = this->create_publisher(msg[01;36m[K)[m[K;
[4.501s]       |                                            [01;36m[K^[m[K
[4.537s] [01m[K/home/lur/controller/src/manual_pubsub/src/publisher_member_function.cpp:[m[K In member function â€˜[01m[Kvoid MinimalPublisher::timer_callback()[m[Kâ€™:
[4.538s] [01m[K/home/lur/controller/src/manual_pubsub/src/publisher_member_function.cpp:81:86:[m[K [01;31m[Kerror: [m[Kâ€˜[01m[Kclass MinimalPublisher[m[Kâ€™ has no member named â€˜[01m[Kx[m[Kâ€™
[4.538s]    81 |     message.data = "Message " + std::to_string(count_++) + " (x,y,z,r,b): (" + this->[01;31m[Kx[m[K + "," + this->y + "," + this->z + "," + this->r + "," + this->buttons + ")";
[4.538s]       |                                                                                      [01;31m[K^[m[K
[4.538s] [01m[K/home/lur/controller/src/manual_pubsub/src/publisher_member_function.cpp:81:102:[m[K [01;31m[Kerror: [m[Kâ€˜[01m[Kclass MinimalPublisher[m[Kâ€™ has no member named â€˜[01m[Ky[m[Kâ€™
[4.539s]    81 |     message.data = "Message " + std::to_string(count_++) + " (x,y,z,r,b): (" + this->x + "," + this->[01;31m[Ky[m[K + "," + this->z + "," + this->r + "," + this->buttons + ")";
[4.539s]       |                                                                                                      [01;31m[K^[m[K
[4.539s] [01m[K/home/lur/controller/src/manual_pubsub/src/publisher_member_function.cpp:81:118:[m[K [01;31m[Kerror: [m[Kâ€˜[01m[Kclass MinimalPublisher[m[Kâ€™ has no member named â€˜[01m[Kz[m[Kâ€™
[4.540s]    81 |     message.data = "Message " + std::to_string(count_++) + " (x,y,z,r,b): (" + this->x + "," + this->y + "," + this->[01;31m[Kz[m[K + "," + this->r + "," + this->buttons + ")";
[4.540s]       |                                                                                                                      [01;31m[K^[m[K
[4.540s] [01m[K/home/lur/controller/src/manual_pubsub/src/publisher_member_function.cpp:81:134:[m[K [01;31m[Kerror: [m[Kâ€˜[01m[Kclass MinimalPublisher[m[Kâ€™ has no member named â€˜[01m[Kr[m[Kâ€™
[4.541s]    81 |     message.data = "Message " + std::to_string(count_++) + " (x,y,z,r,b): (" + this->x + "," + this->y + "," + this->z + "," + this->[01;31m[Kr[m[K + "," + this->buttons + ")";
[4.541s]       |                                                                                                                                      [01;31m[K^[m[K
[4.541s] [01m[K/home/lur/controller/src/manual_pubsub/src/publisher_member_function.cpp:81:150:[m[K [01;31m[Kerror: [m[Kâ€˜[01m[Kclass MinimalPublisher[m[Kâ€™ has no member named â€˜[01m[Kbuttons[m[Kâ€™
[4.542s]    81 |     message.data = "Message " + std::to_string(count_++) + " (x,y,z,r,b): (" + this->x + "," + this->y + "," + this->z + "," + this->r + "," + this->[01;31m[Kbuttons[m[K + ")";
[4.542s]       |                                                                                                                                                      [01;31m[K^~~~~~~[m[K
[6.698s] make[2]: *** [CMakeFiles/talker.dir/build.make:63: CMakeFiles/talker.dir/src/publisher_member_function.cpp.o] Error 1
[6.699s] make[1]: *** [CMakeFiles/Makefile2:107: CMakeFiles/talker.dir/all] Error 2
[6.700s] make: *** [Makefile:141: all] Error 2
[6.710s] Invoked command in '/home/lur/controller/build/manual_pubsub' returned '2': CMAKE_PREFIX_PATH=${CMAKE_PREFIX_PATH}:/opt/ros/foxy /usr/bin/cmake --build /home/lur/controller/build/manual_pubsub -- -j4 -l4
