[35m[1mScanning dependencies of target imu_data[0m
[ 50%] Built target publisher
[ 75%] [32mBuilding CXX object CMakeFiles/imu_data.dir/src/imu_data.cpp.o[0m
[01m[K/home/lur/controller/publisher_subscriber/src/imu_data.cpp:5:41:[m[K [01;31m[Kerror: [m[Kâ€˜[01m[KImu[m[Kâ€™ in namespace â€˜[01m[Ksensor_msgs[m[Kâ€™ does not name a type
    5 | void chatterCallback(const sensor_msgs::[01;31m[KImu[m[K::ConstPtr& msg){
      |                                         [01;31m[K^~~[m[K
[01m[K/home/lur/controller/publisher_subscriber/src/imu_data.cpp:5:54:[m[K [01;31m[Kerror: [m[Kexpected unqualified-id before â€˜[01m[K&[m[Kâ€™ token
    5 | void chatterCallback(const sensor_msgs::Imu::ConstPtr[01;31m[K&[m[K msg){
      |                                                      [01;31m[K^[m[K
[01m[K/home/lur/controller/publisher_subscriber/src/imu_data.cpp:5:54:[m[K [01;31m[Kerror: [m[Kexpected â€˜[01m[K)[m[Kâ€™ before â€˜[01m[K&[m[Kâ€™ token
    5 | void chatterCallback[34m[K([m[Kconst sensor_msgs::Imu::ConstPtr[01;31m[K&[m[K msg){
      |                     [34m[K~[m[K                                [01;31m[K^[m[K
      |                                                      [32m[K)[m[K
[01m[K/home/lur/controller/publisher_subscriber/src/imu_data.cpp:5:56:[m[K [01;31m[Kerror: [m[Kexpected initializer before â€˜[01m[Kmsg[m[Kâ€™
    5 | void chatterCallback(const sensor_msgs::Imu::ConstPtr& [01;31m[Kmsg[m[K){
      |                                                        [01;31m[K^~~[m[K
[01m[K/home/lur/controller/publisher_subscriber/src/imu_data.cpp:[m[K In function â€˜[01m[Kint main(int, char**)[m[Kâ€™:
[01m[K/home/lur/controller/publisher_subscriber/src/imu_data.cpp:14:29:[m[K [01;31m[Kerror: [m[Kfound â€˜[01m[K:[m[Kâ€™ in nested-name-specifier, expected â€˜[01m[K::[m[Kâ€™
   14 |     auto node = rclcpp::Node[01;31m[K:[m[Kmake_shared("imu_data");
      |                             [01;31m[K^[m[K
      |                             [32m[K::[m[K
[01m[K/home/lur/controller/publisher_subscriber/src/imu_data.cpp:16:62:[m[K [01;31m[Kerror: [m[Kâ€˜[01m[KchatterCallback[m[Kâ€™ was not declared in this scope
   16 |     auto sub = node->create_subscription("/mavros/imu/data", [01;31m[KchatterCallback[m[K);
      |                                                              [01;31m[K^~~~~~~~~~~~~~~[m[K
make[2]: *** [CMakeFiles/imu_data.dir/build.make:63: CMakeFiles/imu_data.dir/src/imu_data.cpp.o] Error 1
make[1]: *** [CMakeFiles/Makefile2:107: CMakeFiles/imu_data.dir/all] Error 2
make: *** [Makefile:141: all] Error 2
