[0.178s] Invoking command in '/home/lur/controller/build/robosub': CMAKE_PREFIX_PATH=${CMAKE_PREFIX_PATH}:/opt/ros/foxy /usr/bin/cmake --build /home/lur/controller/build/robosub -- -j4 -l4
[0.633s] -- Found ament_cmake: 0.9.9 (/opt/ros/foxy/share/ament_cmake/cmake)
[0.755s] -- Using PYTHON_EXECUTABLE: /usr/bin/python3
[1.858s] -- Found mavros: 2.1.1 (/opt/ros/foxy/share/mavros/cmake)
[1.888s] -- Found std_msgs: 2.0.5 (/opt/ros/foxy/share/std_msgs/cmake)
[2.037s] -- Using all available rosidl_typesupport_c: rosidl_typesupport_fastrtps_c;rosidl_typesupport_introspection_c
[2.068s] -- Found rosidl_adapter: 1.2.1 (/opt/ros/foxy/share/rosidl_adapter/cmake)
[2.709s] -- Using all available rosidl_typesupport_cpp: rosidl_typesupport_fastrtps_cpp;rosidl_typesupport_introspection_cpp
[2.929s] -- Found sensor_msgs: 2.0.5 (/opt/ros/foxy/share/sensor_msgs/cmake)
[3.358s] -- Found ament_lint_auto: 0.9.6 (/opt/ros/foxy/share/ament_lint_auto/cmake)
[3.855s] -- Added test 'copyright' to check source files copyright and LICENSE
[3.867s] -- Added test 'cppcheck' to perform static code analysis on C / C++ code
[3.869s] -- Configured cppcheck include dirs: $<BUILD_INTERFACE:/home/lur/controller/src/robosub/include>
[3.870s] -- Configured cppcheck exclude dirs and/or files: 
[3.876s] -- Added test 'cpplint' to check C / C++ code against the Google style
[3.877s] -- Configured cpplint exclude dirs and/or files: 
[3.881s] -- Added test 'lint_cmake' to check CMake code style
[3.887s] -- Added test 'uncrustify' to check C / C++ code style
[3.887s] -- Configured uncrustify additional arguments: 
[3.890s] -- Added test 'xmllint' to check XML markup files
[3.904s] -- Configuring done
[5.151s] -- Generating done
[5.213s] -- Build files have been written to: /home/lur/controller/build/robosub
[5.456s] [ 50%] [32mBuilding CXX object CMakeFiles/controller_node.dir/src/controller_node.cpp.o[0m
[5.862s] [01m[K/home/lur/controller/src/robosub/src/controller_node.cpp:2:10:[m[K [01;31m[Kfatal error: [m[Kros/ros.h: No such file or directory
[5.863s]     2 | #include [01;31m[K"ros/ros.h"[m[K
[5.863s]       |          [01;31m[K^~~~~~~~~~~[m[K
[5.863s] compilation terminated.
[5.875s] make[2]: *** [CMakeFiles/controller_node.dir/build.make:63: CMakeFiles/controller_node.dir/src/controller_node.cpp.o] Error 1
[5.877s] make[1]: *** [CMakeFiles/Makefile2:78: CMakeFiles/controller_node.dir/all] Error 2
[5.878s] make: *** [Makefile:141: all] Error 2
[5.889s] Invoked command in '/home/lur/controller/build/robosub' returned '2': CMAKE_PREFIX_PATH=${CMAKE_PREFIX_PATH}:/opt/ros/foxy /usr/bin/cmake --build /home/lur/controller/build/robosub -- -j4 -l4
