[0.064s] Invoking command in '/home/lur/controller/build/manual_pubsub': CMAKE_PREFIX_PATH=${CMAKE_PREFIX_PATH}:/opt/ros/foxy /usr/bin/cmake --build /home/lur/controller/build/manual_pubsub -- -j4 -l4
[0.224s] [35m[1mScanning dependencies of target talker[0m
[0.295s] [ 50%] Built target listener
[0.335s] [ 75%] [32mBuilding CXX object CMakeFiles/talker.dir/src/publisher_member_function.cpp.o[0m
[4.446s] [01m[K/home/lur/controller/src/manual_pubsub/src/publisher_member_function.cpp:[m[K In constructor â€˜[01m[KMinimalPublisher::MinimalPublisher()[m[Kâ€™:
[4.447s] [01m[K/home/lur/controller/src/manual_pubsub/src/publisher_member_function.cpp:54:20:[m[K [01;31m[Kerror: [m[Kâ€˜[01m[Kheader[m[Kâ€™ is not a member of â€˜[01m[Kstd_msgs::msg[m[Kâ€™; did you mean â€˜[01m[KHeader[m[Kâ€™?
[4.447s]    54 |     std_msgs::msg::[01;31m[Kheader[m[K head;
[4.447s]       |                    [01;31m[K^~~~~~[m[K
[4.448s]       |                    [32m[KHeader[m[K
[4.450s] [01m[K/home/lur/controller/src/manual_pubsub/src/publisher_member_function.cpp:56:8:[m[K [01;31m[Kerror: [m[Kâ€˜[01m[Khead[m[Kâ€™ was not declared in this scope
[4.451s]    56 |        [01;31m[Khead[m[K,
[4.451s]       |        [01;31m[K^~~~[m[K
[4.452s] [01m[K/home/lur/controller/src/manual_pubsub/src/publisher_member_function.cpp:62:5:[m[K [01;31m[Kerror: [m[Kcould not convert â€˜[01m[K{<expression error>, 1000, 500, 500, 0, 0}[m[Kâ€™ from â€˜[01m[K<brace-enclosed initializer list>[m[Kâ€™ to â€˜[01m[KmanualMsg[m[Kâ€™ {aka â€˜[01m[Kmavros_msgs::msg::ManualControl_<std::allocator<void> >[m[Kâ€™}
[4.452s]    62 |     [01;31m[K}[m[K;
[4.452s]       |     [01;31m[K^[m[K
[4.452s]       |     [01;31m[K|[m[K
[4.453s]       |     [01;31m[K<brace-enclosed initializer list>[m[K
[7.132s] make[2]: *** [CMakeFiles/talker.dir/build.make:63: CMakeFiles/talker.dir/src/publisher_member_function.cpp.o] Error 1
[7.133s] make[1]: *** [CMakeFiles/Makefile2:107: CMakeFiles/talker.dir/all] Error 2
[7.135s] make: *** [Makefile:141: all] Error 2
[7.144s] Invoked command in '/home/lur/controller/build/manual_pubsub' returned '2': CMAKE_PREFIX_PATH=${CMAKE_PREFIX_PATH}:/opt/ros/foxy /usr/bin/cmake --build /home/lur/controller/build/manual_pubsub -- -j4 -l4
