[0.133s] Invoking command in '/home/lur/controller/build/robosub': CMAKE_PREFIX_PATH=/opt/ros/foxy /usr/bin/cmake --build /home/lur/controller/build/robosub -- -j4 -l4
[0.428s] -- Found ament_cmake: 0.9.9 (/opt/ros/foxy/share/ament_cmake/cmake)
[0.560s] -- Using PYTHON_EXECUTABLE: /usr/bin/python3
[1.698s] -- Found mavros: 2.1.1 (/opt/ros/foxy/share/mavros/cmake)
[1.745s] -- Found sensor_msgs: 2.0.5 (/opt/ros/foxy/share/sensor_msgs/cmake)
[1.932s] -- Using all available rosidl_typesupport_c: rosidl_typesupport_fastrtps_c;rosidl_typesupport_introspection_c
[1.968s] -- Found rosidl_adapter: 1.2.1 (/opt/ros/foxy/share/rosidl_adapter/cmake)
[2.748s] -- Using all available rosidl_typesupport_cpp: rosidl_typesupport_fastrtps_cpp;rosidl_typesupport_introspection_cpp
[3.955s] -- Found ament_lint_auto: 0.9.6 (/opt/ros/foxy/share/ament_lint_auto/cmake)
[4.409s] -- Added test 'copyright' to check source files copyright and LICENSE
[4.417s] -- Added test 'cppcheck' to perform static code analysis on C / C++ code
[4.419s] -- Configured cppcheck include dirs: $<BUILD_INTERFACE:/home/lur/controller/src/robosub/include>
[4.419s] -- Configured cppcheck exclude dirs and/or files: 
[4.432s] -- Added test 'cpplint' to check C / C++ code against the Google style
[4.433s] -- Configured cpplint exclude dirs and/or files: 
[4.439s] -- Added test 'lint_cmake' to check CMake code style
[4.445s] -- Added test 'uncrustify' to check C / C++ code style
[4.445s] -- Configured uncrustify additional arguments: 
[4.459s] -- Added test 'xmllint' to check XML markup files
[4.497s] -- Configuring done
[4.605s] -- Generating done
[4.629s] -- Build files have been written to: /home/lur/controller/build/robosub
[4.911s] [35m[1mScanning dependencies of target controller_node[0m
[4.987s] [ 50%] [32mBuilding CXX object CMakeFiles/controller_node.dir/src/controller_node.cpp.o[0m
[5.047s] [01m[K/home/lur/controller/src/robosub/src/controller_node.cpp:2:10:[m[K [01;31m[Kfatal error: [m[Kros/ros.h: No such file or directory
[5.048s]     2 | #include [01;31m[K"ros/ros.h"[m[K
[5.048s]       |          [01;31m[K^~~~~~~~~~~[m[K
[5.049s] compilation terminated.
[5.081s] make[2]: *** [CMakeFiles/controller_node.dir/build.make:63: CMakeFiles/controller_node.dir/src/controller_node.cpp.o] Error 1
[5.081s] make[1]: *** [CMakeFiles/Makefile2:78: CMakeFiles/controller_node.dir/all] Error 2
[5.082s] make: *** [Makefile:141: all] Error 2
[5.091s] Invoked command in '/home/lur/controller/build/robosub' returned '2': CMAKE_PREFIX_PATH=/opt/ros/foxy /usr/bin/cmake --build /home/lur/controller/build/robosub -- -j4 -l4
