[35m[1mScanning dependencies of target imu_data[0m
[ 50%] Built target publisher
[ 75%] [32mBuilding CXX object CMakeFiles/imu_data.dir/src/imu_data.cpp.o[0m
[01m[K/home/lur/controller/publisher_subscriber/src/imu_data.cpp:4:41:[m[K [01;31m[Kerror: [m[Kâ€˜[01m[KImu[m[Kâ€™ in namespace â€˜[01m[Ksensor_msgs[m[Kâ€™ does not name a type
    4 | void chatterCallbacl(const sensor_msgs::[01;31m[KImu[m[K/*::ConstPtr*/& msg);
      |                                         [01;31m[K^~~[m[K
[01m[K/home/lur/controller/publisher_subscriber/src/imu_data.cpp:6:41:[m[K [01;31m[Kerror: [m[Kâ€˜[01m[KImu[m[Kâ€™ in namespace â€˜[01m[Ksensor_msgs[m[Kâ€™ does not name a type
    6 | void chatterCallback(const sensor_msgs::[01;31m[KImu[m[K/*::ConstPtr*/& msg){
      |                                         [01;31m[K^~~[m[K
[01m[K/home/lur/controller/publisher_subscriber/src/imu_data.cpp:[m[K In function â€˜[01m[Kvoid chatterCallback(const int&)[m[Kâ€™:
[01m[K/home/lur/controller/publisher_subscriber/src/imu_data.cpp:8:48:[m[K [01;31m[Kerror: [m[Kbase operand of â€˜[01m[K->[m[Kâ€™ is not a pointer
    8 |                 \nx: [%f]\ny:[%f]\nz:[%f]", msg[01;31m[K->[m[Klinear_acceleration.x,
      |                                                [01;31m[K^~[m[K
[01m[K/home/lur/controller/publisher_subscriber/src/imu_data.cpp:9:20:[m[K [01;31m[Kerror: [m[Kbase operand of â€˜[01m[K->[m[Kâ€™ is not a pointer
    9 |                 msg[01;31m[K->[m[Klinear_acceleration.y, msg->linear_acceleration.z);
      |                    [01;31m[K^~[m[K
[01m[K/home/lur/controller/publisher_subscriber/src/imu_data.cpp:9:48:[m[K [01;31m[Kerror: [m[Kbase operand of â€˜[01m[K->[m[Kâ€™ is not a pointer
    9 |                 msg->linear_acceleration.y, msg[01;31m[K->[m[Klinear_acceleration.z);
      |                                                [01;31m[K^~[m[K
[01m[K/home/lur/controller/publisher_subscriber/src/imu_data.cpp:7:5:[m[K [01;31m[Kerror: [m[Kâ€˜[01m[KROS_INFO[m[Kâ€™ was not declared in this scope
    7 |     [01;31m[KROS_INFO[m[K("\nlinear acceleration\
      |     [01;31m[K^~~~~~~~[m[K
[01m[K/home/lur/controller/publisher_subscriber/src/imu_data.cpp:[m[K In function â€˜[01m[Kint main(int, char**)[m[Kâ€™:
[01m[K/home/lur/controller/publisher_subscriber/src/imu_data.cpp:15:29:[m[K [01;31m[Kerror: [m[Kfound â€˜[01m[K:[m[Kâ€™ in nested-name-specifier, expected â€˜[01m[K::[m[Kâ€™
   15 |     auto node = rclcpp::Node[01;31m[K:[m[Kmake_shared("imu_data");
      |                             [01;31m[K^[m[K
      |                             [32m[K::[m[K
[01m[K/home/lur/controller/publisher_subscriber/src/imu_data.cpp:17:78:[m[K [01;31m[Kerror: [m[Kno matching function for call to â€˜[01m[Krclcpp::Node::create_subscription(const char [17], void (*)(const int&))[m[Kâ€™
   17 |     auto sub = node->create_subscription("/mavros/imu/data", &chatterCallback[01;31m[K)[m[K;
      |                                                                              [01;31m[K^[m[K
In file included from [01m[K/opt/ros/foxy/include/rclcpp/executors/single_threaded_executor.hpp:28[m[K,
                 from [01m[K/opt/ros/foxy/include/rclcpp/executors.hpp:22[m[K,
                 from [01m[K/opt/ros/foxy/include/rclcpp/rclcpp.hpp:146[m[K,
                 from [01m[K/home/lur/controller/publisher_subscriber/src/imu_data.cpp:2[m[K:
[01m[K/opt/ros/foxy/include/rclcpp/node.hpp:213:3:[m[K [01;36m[Knote: [m[Kcandidate: â€˜[01m[Ktemplate<class MessageT, class CallbackT, class AllocatorT, class CallbackMessageT, class SubscriptionT, class MessageMemoryStrategyT> std::shared_ptr<SubscriptionT> rclcpp::Node::create_subscription(const string&, const rclcpp::QoS&, CallbackT&&, const rclcpp::SubscriptionOptionsWithAllocator<AllocatorT>&, typename MessageMemoryStrategyT::SharedPtr)[m[Kâ€™
  213 |   [01;36m[Kcreate_subscription[m[K(
      |   [01;36m[K^~~~~~~~~~~~~~~~~~~[m[K
[01m[K/opt/ros/foxy/include/rclcpp/node.hpp:213:3:[m[K [01;36m[Knote: [m[K  template argument deduction/substitution failed:
[01m[K/home/lur/controller/publisher_subscriber/src/imu_data.cpp:17:78:[m[K [01;36m[Knote: [m[K  candidate expects 5 arguments, 2 provided
   17 |     auto sub = node->create_subscription("/mavros/imu/data", &chatterCallback[01;36m[K)[m[K;
      |                                                                              [01;36m[K^[m[K
make[2]: *** [CMakeFiles/imu_data.dir/build.make:63: CMakeFiles/imu_data.dir/src/imu_data.cpp.o] Error 1
make[1]: *** [CMakeFiles/Makefile2:107: CMakeFiles/imu_data.dir/all] Error 2
make: *** [Makefile:141: all] Error 2
